<?xml version="1.0" encoding="UTF-8"?>
<!-- Generated by org.testng.reporters.JUnitXMLReporter -->
<testsuite hostname="ATMECSINLT-516" ignored="0" name="Test" tests="3" failures="0" timestamp="2019-12-06T11:40:22 IST" time="47.247" errors="0">
  <testcase name="verifylogin" time="21.403" classname="com.User.Tests.Tc1_Login"/>
  <testcase name="booking" time="25.712" classname="com.Booking.tests.TC2_Booking"/>
  <testcase name="gotonext" time="0.09" classname="com.Booking.tests.TC2_Booking"/>
</testsuite> <!-- Test -->
